#
# There is insufficient memory for the Java Runtime Environment to continue.
# Native memory allocation (malloc) failed to allocate 32784 bytes for Chunk::new
# Possible reasons:
#   The system is out of physical RAM or swap space
#   The process is running with CompressedOops enabled, and the Java Heap may be blocking the growth of the native heap
# Possible solutions:
#   Reduce memory load on the system
#   Increase physical memory or swap space
#   Check if swap backing store is full
#   Decrease Java heap size (-Xmx/-Xms)
#   Decrease number of Java threads
#   Decrease Java thread stack sizes (-Xss)
#   Set larger code cache with -XX:ReservedCodeCacheSize=
#   JVM is running with Unscaled Compressed Oops mode in which the Java heap is
#     placed in the first 4GB address space. The Java Heap base address is the
#     maximum limit for the native heap growth. Please use -XX:HeapBaseMinAddress
#     to set the Java Heap base and to place the Java Heap above 4GB virtual address.
# This output file may be truncated or incomplete.
#
#  Out of Memory Error (c:/BuildAgent/work/5ff2f6c26000d570/src/hotspot/share/memory/arena.cpp:197), pid=16300, tid=19276
#
# JRE version: OpenJDK Runtime Environment (11.0.5+10) (build 11.0.5+10-b520.38)
# Java VM: OpenJDK 64-Bit Server VM (11.0.5+10-b520.38, mixed mode, sharing, tiered, compressed oops, g1 gc, windows-amd64)
# No core dump will be written. Minidumps are not enabled by default on client versions of Windows
#

---------------  S U M M A R Y ------------

Command Line: -ea -Didea.test.cyclic.buffer.size=1048576 -javaagent:D:\IDEA\IntelliJ IDEA 2019.3.3\lib\idea_rt.jar=14920:D:\IDEA\IntelliJ IDEA 2019.3.3\bin -Dfile.encoding=UTF-8 com.intellij.rt.junit.JUnitStarter -ideVersion5 -junit5 Flag.FlagApplicationTests,paiweitest

Host: Intel(R) Core(TM) i7-6600U CPU @ 2.60GHz, 4 cores, 7G,  Windows 10 , 64 bit Build 18362 (10.0.18362.959)
Time: Thu Aug 27 17:25:43 2020 ?D1¨²¡À¨º¡Á?¨º¡À?? elapsed time: 16 seconds (0d 0h 0m 16s)

---------------  T H R E A D  ---------------

Current thread (0x000002cc7d25e800):  JavaThread "C2 CompilerThread1" daemon [_thread_in_native, id=19276, stack(0x000000dca9100000,0x000000dca9200000)]


Current CompileTask:
C2:  16310 3849   !   4       org.springframework.core.annotation.AnnotationsScanner::processMethodHierarchy (286 bytes)

Stack: [0x000000dca9100000,0x000000dca9200000]
Native frames: (J=compiled Java code, j=interpreted, Vv=VM code, C=native code)
V  [jvm.dll+0x5dcafa]
V  [jvm.dll+0x70e375]
V  [jvm.dll+0x70f898]
V  [jvm.dll+0x70ff63]
V  [jvm.dll+0x23e238]
V  [jvm.dll+0xb8a9c]
V  [jvm.dll+0xb8fac]
V  [jvm.dll+0x4f0a84]
V  [jvm.dll+0x4f2f0e]
V  [jvm.dll+0x4f1262]
V  [jvm.dll+0x4f1a7f]
V  [jvm.dll+0x4f105f]
V  [jvm.dll+0x4f1073]
V  [jvm.dll+0x4f1073]
V  [jvm.dll+0x4f1073]
V  [jvm.dll+0x4f1073]
V  [jvm.dll+0x4f1073]
V  [jvm.dll+0x4f1073]
V  [jvm.dll+0x4f1073]
V  [jvm.dll+0x5018d5]
V  [jvm.dll+0x1f8fe3]
V  [jvm.dll+0x1f6a1f]
V  [jvm.dll+0x17f6fc]
V  [jvm.dll+0x204f77]
V  [jvm.dll+0x2037f1]
V  [jvm.dll+0x6d835f]
V  [jvm.dll+0x6d114d]
V  [jvm.dll+0x5dbdd6]
C  [ucrtbase.dll+0x20e82]
C  [KERNEL32.DLL+0x17bd4]
C  [ntdll.dll+0x6ce51]


---------------  P R O C E S S  ---------------

Threads class SMR info:
_java_thread_list=0x000002cc7c0e70d0, length=13, elements={
0x000002cc6054c800, 0x000002cc7a63a800, 0x000002cc7a63c000, 0x000002cc7a65b000,
0x000002cc7a65c000, 0x000002cc7a65d000, 0x000002cc7aec8800, 0x000002cc7aed1000,
0x000002cc7af89800, 0x000002cc7b1e2800, 0x000002cc7b0ce000, 0x000002cc7c2dd800,
0x000002cc7d25e800
}

Java Threads: ( => current thread )
  0x000002cc6054c800 JavaThread "main" [_thread_in_vm, id=1284, stack(0x000000dca7d00000,0x000000dca7e00000)]
  0x000002cc7a63a800 JavaThread "Reference Handler" daemon [_thread_blocked, id=20572, stack(0x000000dca8400000,0x000000dca8500000)]
  0x000002cc7a63c000 JavaThread "Finalizer" daemon [_thread_blocked, id=9448, stack(0x000000dca8500000,0x000000dca8600000)]
  0x000002cc7a65b000 JavaThread "Signal Dispatcher" daemon [_thread_blocked, id=15908, stack(0x000000dca8600000,0x000000dca8700000)]
  0x000002cc7a65c000 JavaThread "Attach Listener" daemon [_thread_blocked, id=19744, stack(0x000000dca8700000,0x000000dca8800000)]
  0x000002cc7a65d000 JavaThread "C2 CompilerThread0" daemon [_thread_in_native, id=13940, stack(0x000000dca8800000,0x000000dca8900000)]
  0x000002cc7aec8800 JavaThread "C1 CompilerThread0" daemon [_thread_blocked, id=14328, stack(0x000000dca8900000,0x000000dca8a00000)]
  0x000002cc7aed1000 JavaThread "Sweeper thread" daemon [_thread_blocked, id=20872, stack(0x000000dca8a00000,0x000000dca8b00000)]
  0x000002cc7af89800 JavaThread "Common-Cleaner" daemon [_thread_blocked, id=20808, stack(0x000000dca8b00000,0x000000dca8c00000)]
  0x000002cc7b1e2800 JavaThread "Monitor Ctrl-Break" daemon [_thread_in_native, id=12024, stack(0x000000dca8d00000,0x000000dca8e00000)]
  0x000002cc7b0ce000 JavaThread "Service Thread" daemon [_thread_blocked, id=608, stack(0x000000dca8e00000,0x000000dca8f00000)]
  0x000002cc7c2dd800 JavaThread "mysql-cj-abandoned-connection-cleanup" daemon [_thread_blocked, id=17660, stack(0x000000dca9200000,0x000000dca9300000)]
=>0x000002cc7d25e800 JavaThread "C2 CompilerThread1" daemon [_thread_in_native, id=19276, stack(0x000000dca9100000,0x000000dca9200000)]

Other Threads:
  0x000002cc7a636800 VMThread "VM Thread" [stack: 0x000000dca8300000,0x000000dca8400000] [id=19892]
  0x000002cc7b0d0800 WatcherThread [stack: 0x000000dca8f00000,0x000000dca9000000] [id=7180]
  0x000002cc60566000 GCTaskThread "GC Thread#0" [stack: 0x000000dca7e00000,0x000000dca7f00000] [id=21336]
  0x000002cc7b626000 GCTaskThread "GC Thread#1" [stack: 0x000000dca8c00000,0x000000dca8d00000] [id=15176]
  0x000002cc7b626800 GCTaskThread "GC Thread#2" [stack: 0x000000dca9000000,0x000000dca9100000] [id=19348]
  0x000002cc7b541000 GCTaskThread "GC Thread#3" [stack: 0x000000dca9300000,0x000000dca9400000] [id=21356]
  0x000002cc60595000 ConcurrentGCThread "G1 Main Marker" [stack: 0x000000dca7f00000,0x000000dca8000000] [id=16548]
  0x000002cc60597000 ConcurrentGCThread "G1 Conc#0" [stack: 0x000000dca8000000,0x000000dca8100000] [id=21476]
  0x000002cc6060e800 ConcurrentGCThread "G1 Refine#0" [stack: 0x000000dca8100000,0x000000dca8200000] [id=3676]
  0x000002cc7a4cc800 ConcurrentGCThread "G1 Young RemSet Sampling" [stack: 0x000000dca8200000,0x000000dca8300000] [id=15396]

Threads with active compile tasks:
C2 CompilerThread0  16399 3851   !   4       org.springframework.core.annotation.AnnotationsScanner::processClassHierarchy (236 bytes)
C2 CompilerThread1  16399 3849   !   4       org.springframework.core.annotation.AnnotationsScanner::processMethodHierarchy (286 bytes)

VM state:not at safepoint (normal execution)

VM Mutex/Monitor currently owned by a thread:  ([mutex/lock_event])
[0x000002cc60548fd0] SystemDictionary_lock - owner thread: 0x0000000000000000

Heap address: 0x0000000081200000, size: 2030 MB, Compressed Oops mode: 32-bit
Narrow klass base: 0x0000000800000000, Narrow klass shift: 3
Compressed class space size: 1073741824 Address: 0x0000000840000000

Heap:
 garbage-first heap   total 131072K, used 41913K [0x0000000081200000, 0x0000000100000000)
  region size 1024K, 36 young (36864K), 8 survivors (8192K)
 Metaspace       used 27643K, capacity 28802K, committed 29104K, reserved 1075200K
  class space    used 3519K, capacity 4031K, committed 4096K, reserved 1048576K
Heap Regions: E=young(eden), S=young(survivor), O=old, HS=humongous(starts), HC=humongous(continues), CS=collection set, F=free, A=archive, TAMS=top-at-mark-start (previous, next)
|   0|0x0000000081200000, 0x0000000081300000, 0x0000000081300000|100%| O|  |TAMS 0x0000000081300000, 0x0000000081200000| Untracked 
|   1|0x0000000081300000, 0x0000000081400000, 0x0000000081400000|100%| O|  |TAMS 0x0000000081400000, 0x0000000081300000| Untracked 
|   2|0x0000000081400000, 0x0000000081500000, 0x0000000081500000|100%| O|  |TAMS 0x0000000081500000, 0x0000000081400000| Untracked 
|   3|0x0000000081500000, 0x0000000081600000, 0x0000000081600000|100%| O|  |TAMS 0x0000000081600000, 0x0000000081500000| Untracked 
|   4|0x0000000081600000, 0x0000000081700000, 0x0000000081700000|100%| O|  |TAMS 0x0000000081700000, 0x0000000081600000| Untracked 
|   5|0x0000000081700000, 0x00000000817ee400, 0x0000000081800000| 93%| O|  |TAMS 0x0000000081789400, 0x0000000081700000| Untracked 
|   6|0x0000000081800000, 0x0000000081800000, 0x0000000081900000|  0%| F|  |TAMS 0x0000000081800000, 0x0000000081800000| Untracked 
|   7|0x0000000081900000, 0x0000000081900000, 0x0000000081a00000|  0%| F|  |TAMS 0x0000000081900000, 0x0000000081900000| Untracked 
|   8|0x0000000081a00000, 0x0000000081a00000, 0x0000000081b00000|  0%| F|  |TAMS 0x0000000081a00000, 0x0000000081a00000| Untracked 
|   9|0x0000000081b00000, 0x0000000081b00000, 0x0000000081c00000|  0%| F|  |TAMS 0x0000000081b00000, 0x0000000081b00000| Untracked 
|  10|0x0000000081c00000, 0x0000000081c00000, 0x0000000081d00000|  0%| F|  |TAMS 0x0000000081c00000, 0x0000000081c00000| Untracked 
|  11|0x0000000081d00000, 0x0000000081d00000, 0x0000000081e00000|  0%| F|  |TAMS 0x0000000081d00000, 0x0000000081d00000| Untracked 
|  12|0x0000000081e00000, 0x0000000081e00000, 0x0000000081f00000|  0%| F|  |TAMS 0x0000000081e00000, 0x0000000081e00000| Untracked 
|  13|0x0000000081f00000, 0x0000000081f00000, 0x0000000082000000|  0%| F|  |TAMS 0x0000000081f00000, 0x0000000081f00000| Untracked 
|  14|0x0000000082000000, 0x0000000082000000, 0x0000000082100000|  0%| F|  |TAMS 0x0000000082000000, 0x0000000082000000| Untracked 
|  15|0x0000000082100000, 0x0000000082100000, 0x0000000082200000|  0%| F|  |TAMS 0x0000000082100000, 0x0000000082100000| Untracked 
|  16|0x0000000082200000, 0x0000000082200000, 0x0000000082300000|  0%| F|  |TAMS 0x0000000082200000, 0x0000000082200000| Untracked 
|  17|0x0000000082300000, 0x0000000082300000, 0x0000000082400000|  0%| F|  |TAMS 0x0000000082300000, 0x0000000082300000| Untracked 
|  18|0x0000000082400000, 0x0000000082400000, 0x0000000082500000|  0%| F|  |TAMS 0x0000000082400000, 0x0000000082400000| Untracked 
|  19|0x0000000082500000, 0x0000000082500000, 0x0000000082600000|  0%| F|  |TAMS 0x0000000082500000, 0x0000000082500000| Untracked 
|  20|0x0000000082600000, 0x0000000082600000, 0x0000000082700000|  0%| F|  |TAMS 0x0000000082600000, 0x0000000082600000| Untracked 
|  21|0x0000000082700000, 0x0000000082700000, 0x0000000082800000|  0%| F|  |TAMS 0x0000000082700000, 0x0000000082700000| Untracked 
|  22|0x0000000082800000, 0x0000000082800000, 0x0000000082900000|  0%| F|  |TAMS 0x0000000082800000, 0x0000000082800000| Untracked 
|  23|0x0000000082900000, 0x0000000082900000, 0x0000000082a00000|  0%| F|  |TAMS 0x0000000082900000, 0x0000000082900000| Untracked 
|  24|0x0000000082a00000, 0x0000000082a00000, 0x0000000082b00000|  0%| F|  |TAMS 0x0000000082a00000, 0x0000000082a00000| Untracked 
|  25|0x0000000082b00000, 0x0000000082b00000, 0x0000000082c00000|  0%| F|  |TAMS 0x0000000082b00000, 0x0000000082b00000| Untracked 
|  26|0x0000000082c00000, 0x0000000082c00000, 0x0000000082d00000|  0%| F|  |TAMS 0x0000000082c00000, 0x0000000082c00000| Untracked 
|  27|0x0000000082d00000, 0x0000000082d00000, 0x0000000082e00000|  0%| F|  |TAMS 0x0000000082d00000, 0x0000000082d00000| Untracked 
|  28|0x0000000082e00000, 0x0000000082e00000, 0x0000000082f00000|  0%| F|  |TAMS 0x0000000082e00000, 0x0000000082e00000| Untracked 
|  29|0x0000000082f00000, 0x0000000082f00000, 0x0000000083000000|  0%| F|  |TAMS 0x0000000082f00000, 0x0000000082f00000| Untracked 
|  30|0x0000000083000000, 0x0000000083000000, 0x0000000083100000|  0%| F|  |TAMS 0x0000000083000000, 0x0000000083000000| Untracked 
|  31|0x0000000083100000, 0x0000000083100000, 0x0000000083200000|  0%| F|  |TAMS 0x0000000083100000, 0x0000000083100000| Untracked 
|  32|0x0000000083200000, 0x0000000083200000, 0x0000000083300000|  0%| F|  |TAMS 0x0000000083200000, 0x0000000083200000| Untracked 
|  33|0x0000000083300000, 0x0000000083300000, 0x0000000083400000|  0%| F|  |TAMS 0x0000000083300000, 0x0000000083300000| Untracked 
|  34|0x0000000083400000, 0x0000000083400000, 0x0000000083500000|  0%| F|  |TAMS 0x0000000083400000, 0x0000000083400000| Untracked 
|  35|0x0000000083500000, 0x0000000083500000, 0x0000000083600000|  0%| F|  |TAMS 0x0000000083500000, 0x0000000083500000| Untracked 
|  36|0x0000000083600000, 0x0000000083600000, 0x0000000083700000|  0%| F|  |TAMS 0x0000000083600000, 0x0000000083600000| Untracked 
|  37|0x0000000083700000, 0x0000000083700000, 0x0000000083800000|  0%| F|  |TAMS 0x0000000083700000, 0x0000000083700000| Untracked 
|  38|0x0000000083800000, 0x0000000083800000, 0x0000000083900000|  0%| F|  |TAMS 0x0000000083800000, 0x0000000083800000| Untracked 
|  39|0x0000000083900000, 0x0000000083900000, 0x0000000083a00000|  0%| F|  |TAMS 0x0000000083900000, 0x0000000083900000| Untracked 
|  40|0x0000000083a00000, 0x0000000083a00000, 0x0000000083b00000|  0%| F|  |TAMS 0x0000000083a00000, 0x0000000083a00000| Untracked 
|  41|0x0000000083b00000, 0x0000000083b00000, 0x0000000083c00000|  0%| F|  |TAMS 0x0000000083b00000, 0x0000000083b00000| Untracked 
|  42|0x0000000083c00000, 0x0000000083c00000, 0x0000000083d00000|  0%| F|  |TAMS 0x0000000083c00000, 0x0000000083c00000| Untracked 
|  43|0x0000000083d00000, 0x0000000083d00000, 0x0000000083e00000|  0%| F|  |TAMS 0x0000000083d00000, 0x0000000083d00000| Untracked 
|  44|0x0000000083e00000, 0x0000000083e00000, 0x0000000083f00000|  0%| F|  |TAMS 0x0000000083e00000, 0x0000000083e00000| Untracked 
|  45|0x0000000083f00000, 0x0000000083f00000, 0x0000000084000000|  0%| F|  |TAMS 0x0000000083f00000, 0x0000000083f00000| Untracked 
|  46|0x0000000084000000, 0x0000000084000000, 0x0000000084100000|  0%| F|  |TAMS 0x0000000084000000, 0x0000000084000000| Untracked 
|  47|0x0000000084100000, 0x0000000084100000, 0x0000000084200000|  0%| F|  |TAMS 0x0000000084100000, 0x0000000084100000| Untracked 
|  48|0x0000000084200000, 0x0000000084200000, 0x0000000084300000|  0%| F|  |TAMS 0x0000000084200000, 0x0000000084200000| Untracked 
|  49|0x0000000084300000, 0x0000000084300000, 0x0000000084400000|  0%| F|  |TAMS 0x0000000084300000, 0x0000000084300000| Untracked 
|  50|0x0000000084400000, 0x0000000084400000, 0x0000000084500000|  0%| F|  |TAMS 0x0000000084400000, 0x0000000084400000| Untracked 
|  51|0x0000000084500000, 0x0000000084500000, 0x0000000084600000|  0%| F|  |TAMS 0x0000000084500000, 0x0000000084500000| Untracked 
|  52|0x0000000084600000, 0x0000000084600000, 0x0000000084700000|  0%| F|  |TAMS 0x0000000084600000, 0x0000000084600000| Untracked 
|  53|0x0000000084700000, 0x0000000084700000, 0x0000000084800000|  0%| F|  |TAMS 0x0000000084700000, 0x0000000084700000| Untracked 
|  54|0x0000000084800000, 0x0000000084800000, 0x0000000084900000|  0%| F|  |TAMS 0x0000000084800000, 0x0000000084800000| Untracked 
|  55|0x0000000084900000, 0x0000000084a00000, 0x0000000084a00000|100%| S|CS|TAMS 0x0000000084900000, 0x0000000084900000| Complete 
|  56|0x0000000084a00000, 0x0000000084b00000, 0x0000000084b00000|100%| S|CS|TAMS 0x0000000084a00000, 0x0000000084a00000| Complete 
|  57|0x0000000084b00000, 0x0000000084c00000, 0x0000000084c00000|100%| S|CS|TAMS 0x0000000084b00000, 0x0000000084b00000| Complete 
|  58|0x0000000084c00000, 0x0000000084d00000, 0x0000000084d00000|100%| S|CS|TAMS 0x0000000084c00000, 0x0000000084c00000| Complete 
|  59|0x0000000084d00000, 0x0000000084e00000, 0x0000000084e00000|100%| S|CS|TAMS 0x0000000084d00000, 0x0000000084d00000| Complete 
|  60|0x0000000084e00000, 0x0000000084f00000, 0x0000000084f00000|100%| S|CS|TAMS 0x0000000084e00000, 0x0000000084e00000| Complete 
|  61|0x0000000084f00000, 0x0000000085000000, 0x0000000085000000|100%| S|CS|TAMS 0x0000000084f00000, 0x0000000084f00000| Complete 
|  62|0x0000000085000000, 0x0000000085100000, 0x0000000085100000|100%| S|CS|TAMS 0x0000000085000000, 0x0000000085000000| Complete 
|  63|0x0000000085100000, 0x0000000085100000, 0x0000000085200000|  0%| F|  |TAMS 0x0000000085100000, 0x0000000085100000| Untracked 
|  64|0x0000000085200000, 0x0000000085200000, 0x0000000085300000|  0%| F|  |TAMS 0x0000000085200000, 0x0000000085200000| Untracked 
|  65|0x0000000085300000, 0x0000000085300000, 0x0000000085400000|  0%| F|  |TAMS 0x0000000085300000, 0x0000000085300000| Untracked 
|  66|0x0000000085400000, 0x0000000085400000, 0x0000000085500000|  0%| F|  |TAMS 0x0000000085400000, 0x0000000085400000| Untracked 
|  67|0x0000000085500000, 0x0000000085500000, 0x0000000085600000|  0%| F|  |TAMS 0x0000000085500000, 0x0000000085500000| Untracked 
|  68|0x0000000085600000, 0x0000000085600000, 0x0000000085700000|  0%| F|  |TAMS 0x0000000085600000, 0x0000000085600000| Untracked 
|  69|0x0000000085700000, 0x0000000085700000, 0x0000000085800000|  0%| F|  |TAMS 0x0000000085700000, 0x0000000085700000| Untracked 
|  70|0x0000000085800000, 0x0000000085800000, 0x0000000085900000|  0%| F|  |TAMS 0x0000000085800000, 0x0000000085800000| Untracked 
|  71|0x0000000085900000, 0x0000000085900000, 0x0000000085a00000|  0%| F|  |TAMS 0x0000000085900000, 0x0000000085900000| Untracked 
|  72|0x0000000085a00000, 0x0000000085a00000, 0x0000000085b00000|  0%| F|  |TAMS 0x0000000085a00000, 0x0000000085a00000| Untracked 
|  73|0x0000000085b00000, 0x0000000085b00000, 0x0000000085c00000|  0%| F|  |TAMS 0x0000000085b00000, 0x0000000085b00000| Untracked 
|  74|0x0000000085c00000, 0x0000000085c00000, 0x0000000085d00000|  0%| F|  |TAMS 0x0000000085c00000, 0x0000000085c00000| Untracked 
|  75|0x0000000085d00000, 0x0000000085d00000, 0x0000000085e00000|  0%| F|  |TAMS 0x0000000085d00000, 0x0000000085d00000| Untracked 
|  76|0x0000000085e00000, 0x0000000085e00000, 0x0000000085f00000|  0%| F|  |TAMS 0x0000000085e00000, 0x0000000085e00000| Untracked 
|  77|0x0000000085f00000, 0x0000000085f00000, 0x0000000086000000|  0%| F|  |TAMS 0x0000000085f00000, 0x0000000085f00000| Untracked 
|  78|0x0000000086000000, 0x0000000086000000, 0x0000000086100000|  0%| F|  |TAMS 0x0000000086000000, 0x0000000086000000| Untracked 
|  79|0x0000000086100000, 0x0000000086100000, 0x0000000086200000|  0%| F|  |TAMS 0x0000000086100000, 0x0000000086100000| Untracked 
|  80|0x0000000086200000, 0x0000000086200000, 0x0000000086300000|  0%| F|  |TAMS 0x0000000086200000, 0x0000000086200000| Untracked 
|  81|0x0000000086300000, 0x0000000086300000, 0x0000000086400000|  0%| F|  |TAMS 0x0000000086300000, 0x0000000086300000| Untracked 
|  82|0x0000000086400000, 0x0000000086400000, 0x0000000086500000|  0%| F|  |TAMS 0x0000000086400000, 0x0000000086400000| Untracked 
|  83|0x0000000086500000, 0x0000000086500000, 0x0000000086600000|  0%| F|  |TAMS 0x0000000086500000, 0x0000000086500000| Untracked 
|  84|0x0000000086600000, 0x0000000086600000, 0x0000000086700000|  0%| F|  |TAMS 0x0000000086600000, 0x0000000086600000| Untracked 
|  85|0x0000000086700000, 0x0000000086700000, 0x0000000086800000|  0%| F|  |TAMS 0x0000000086700000, 0x0000000086700000| Untracked 
|  86|0x0000000086800000, 0x0000000086800000, 0x0000000086900000|  0%| F|  |TAMS 0x0000000086800000, 0x0000000086800000| Untracked 
|  87|0x0000000086900000, 0x0000000086900000, 0x0000000086a00000|  0%| F|  |TAMS 0x0000000086900000, 0x0000000086900000| Untracked 
|  88|0x0000000086a00000, 0x0000000086a00000, 0x0000000086b00000|  0%| F|  |TAMS 0x0000000086a00000, 0x0000000086a00000| Untracked 
|  89|0x0000000086b00000, 0x0000000086b00000, 0x0000000086c00000|  0%| F|  |TAMS 0x0000000086b00000, 0x0000000086b00000| Untracked 
|  90|0x0000000086c00000, 0x0000000086c00000, 0x0000000086d00000|  0%| F|  |TAMS 0x0000000086c00000, 0x0000000086c00000| Untracked 
|  91|0x0000000086d00000, 0x0000000086d00000, 0x0000000086e00000|  0%| F|  |TAMS 0x0000000086d00000, 0x0000000086d00000| Untracked 
|  92|0x0000000086e00000, 0x0000000086e00000, 0x0000000086f00000|  0%| F|  |TAMS 0x0000000086e00000, 0x0000000086e00000| Untracked 
|  93|0x0000000086f00000, 0x0000000086f00000, 0x0000000087000000|  0%| F|  |TAMS 0x0000000086f00000, 0x0000000086f00000| Untracked 
|  94|0x0000000087000000, 0x0000000087000000, 0x0000000087100000|  0%| F|  |TAMS 0x0000000087000000, 0x0000000087000000| Untracked 
|  95|0x0000000087100000, 0x0000000087100000, 0x0000000087200000|  0%| F|  |TAMS 0x0000000087100000, 0x0000000087100000| Untracked 
|  96|0x0000000087200000, 0x0000000087200000, 0x0000000087300000|  0%| F|  |TAMS 0x0000000087200000, 0x0000000087200000| Untracked 
|  97|0x0000000087300000, 0x0000000087300000, 0x0000000087400000|  0%| F|  |TAMS 0x0000000087300000, 0x0000000087300000| Untracked 
|  98|0x0000000087400000, 0x0000000087400000, 0x0000000087500000|  0%| F|  |TAMS 0x0000000087400000, 0x0000000087400000| Untracked 
|  99|0x0000000087500000, 0x0000000087500000, 0x0000000087600000|  0%| F|  |TAMS 0x0000000087500000, 0x0000000087500000| Untracked 
| 100|0x0000000087600000, 0x0000000087700000, 0x0000000087700000|100%| E|CS|TAMS 0x0000000087600000, 0x0000000087600000| Complete 
| 101|0x0000000087700000, 0x0000000087800000, 0x0000000087800000|100%| E|CS|TAMS 0x0000000087700000, 0x0000000087700000| Complete 
| 102|0x0000000087800000, 0x0000000087900000, 0x0000000087900000|100%| E|CS|TAMS 0x0000000087800000, 0x0000000087800000| Complete 
| 103|0x0000000087900000, 0x0000000087a00000, 0x0000000087a00000|100%| E|CS|TAMS 0x0000000087900000, 0x0000000087900000| Complete 
| 104|0x0000000087a00000, 0x0000000087b00000, 0x0000000087b00000|100%| E|CS|TAMS 0x0000000087a00000, 0x0000000087a00000| Complete 
| 105|0x0000000087b00000, 0x0000000087c00000, 0x0000000087c00000|100%| E|CS|TAMS 0x0000000087b00000, 0x0000000087b00000| Complete 
| 106|0x0000000087c00000, 0x0000000087d00000, 0x0000000087d00000|100%| E|CS|TAMS 0x0000000087c00000, 0x0000000087c00000| Complete 
| 107|0x0000000087d00000, 0x0000000087e00000, 0x0000000087e00000|100%| E|CS|TAMS 0x0000000087d00000, 0x0000000087d00000| Complete 
| 108|0x0000000087e00000, 0x0000000087f00000, 0x0000000087f00000|100%| E|CS|TAMS 0x0000000087e00000, 0x0000000087e00000| Complete 
| 109|0x0000000087f00000, 0x0000000088000000, 0x0000000088000000|100%| E|CS|TAMS 0x0000000087f00000, 0x0000000087f00000| Complete 
| 110|0x0000000088000000, 0x0000000088100000, 0x0000000088100000|100%| E|CS|TAMS 0x0000000088000000, 0x0000000088000000| Complete 
| 111|0x0000000088100000, 0x0000000088200000, 0x0000000088200000|100%| E|CS|TAMS 0x0000000088100000, 0x0000000088100000| Complete 
| 112|0x0000000088200000, 0x0000000088300000, 0x0000000088300000|100%| E|CS|TAMS 0x0000000088200000, 0x0000000088200000| Complete 
| 113|0x0000000088300000, 0x0000000088400000, 0x0000000088400000|100%| E|CS|TAMS 0x0000000088300000, 0x0000000088300000| Complete 
| 114|0x0000000088400000, 0x0000000088500000, 0x0000000088500000|100%| E|CS|TAMS 0x0000000088400000, 0x0000000088400000| Complete 
| 115|0x0000000088500000, 0x0000000088600000, 0x0000000088600000|100%| E|CS|TAMS 0x0000000088500000, 0x0000000088500000| Complete 
| 116|0x0000000088600000, 0x0000000088700000, 0x0000000088700000|100%| E|CS|TAMS 0x0000000088600000, 0x0000000088600000| Complete 
| 117|0x0000000088700000, 0x0000000088800000, 0x0000000088800000|100%| E|CS|TAMS 0x0000000088700000, 0x0000000088700000| Complete 
| 118|0x0000000088800000, 0x0000000088900000, 0x0000000088900000|100%| E|CS|TAMS 0x0000000088800000, 0x0000000088800000| Complete 
| 119|0x0000000088900000, 0x0000000088a00000, 0x0000000088a00000|100%| E|CS|TAMS 0x0000000088900000, 0x0000000088900000| Complete 
| 120|0x0000000088a00000, 0x0000000088b00000, 0x0000000088b00000|100%| E|CS|TAMS 0x0000000088a00000, 0x0000000088a00000| Complete 
| 121|0x0000000088b00000, 0x0000000088c00000, 0x0000000088c00000|100%| E|CS|TAMS 0x0000000088b00000, 0x0000000088b00000| Complete 
| 122|0x0000000088c00000, 0x0000000088d00000, 0x0000000088d00000|100%| E|CS|TAMS 0x0000000088c00000, 0x0000000088c00000| Complete 
| 123|0x0000000088d00000, 0x0000000088e00000, 0x0000000088e00000|100%| E|CS|TAMS 0x0000000088d00000, 0x0000000088d00000| Complete 
| 124|0x0000000088e00000, 0x0000000088f00000, 0x0000000088f00000|100%| E|CS|TAMS 0x0000000088e00000, 0x0000000088e00000| Complete 
| 125|0x0000000088f00000, 0x0000000089000000, 0x0000000089000000|100%| E|CS|TAMS 0x0000000088f00000, 0x0000000088f00000| Complete 
| 126|0x0000000089000000, 0x0000000089100000, 0x0000000089100000|100%| E|CS|TAMS 0x0000000089000000, 0x0000000089000000| Complete 
| 127|0x0000000089100000, 0x0000000089200000, 0x0000000089200000|100%| E|CS|TAMS 0x0000000089100000, 0x0000000089100000| Complete 

Card table byte_map: [0x000002cc73a00000,0x000002cc73e00000] _byte_map_base: 0x000002cc735f7000

Marking Bits (Prev, Next): (CMBitMap*) 0x000002cc6058c0f0, (CMBitMap*) 0x000002cc6058c0b8
 Prev Bits: [0x000002cc761c0000, 0x000002cc78178000)
 Next Bits: [0x000002cc74200000, 0x000002cc761b8000)

Polling page: 0x000002cc5e360000

Metaspace:

Usage:
  Non-class:     24.19 MB capacity,    23.56 MB ( 97%) used,   511.39 KB (  2%) free+waste,   135.56 KB ( <1%) overhead. 
      Class:      3.94 MB capacity,     3.44 MB ( 87%) used,   443.34 KB ( 11%) free+waste,    68.38 KB (  2%) overhead. 
       Both:     28.13 MB capacity,    27.00 MB ( 96%) used,   954.73 KB (  3%) free+waste,   203.94 KB ( <1%) overhead. 

Virtual space:
  Non-class space:       26.00 MB reserved,      24.42 MB ( 94%) committed 
      Class space:        1.00 GB reserved,       4.00 MB ( <1%) committed 
             Both:        1.03 GB reserved,      28.42 MB (  3%) committed 

Chunk freelists:
   Non-Class:  45.00 KB
       Class:  1.00 KB
        Both:  46.00 KB

MaxMetaspaceSize: 17179869184.00 GB
CompressedClassSpaceSize: 1.00 GB

CodeHeap 'non-profiled nmethods': size=120064Kb used=2102Kb max_used=2102Kb free=117961Kb
 bounds [0x000002cc6c0c0000, 0x000002cc6c330000, 0x000002cc73600000]
CodeHeap 'profiled nmethods': size=120000Kb used=8885Kb max_used=8890Kb free=111114Kb
 bounds [0x000002cc64b90000, 0x000002cc65450000, 0x000002cc6c0c0000]
CodeHeap 'non-nmethods': size=5696Kb used=1162Kb max_used=1216Kb free=4533Kb
 bounds [0x000002cc64600000, 0x000002cc64870000, 0x000002cc64b90000]
 total_blobs=5613 nmethods=3646 adapters=397
 compilation: enabled
              stopped_count=0, restarted_count=0
 full_count=0

Compilation events (20 events):
Event: 16.242 Thread 0x000002cc7aec8800 3874       1       java.beans.GenericBeanInfo::getMethodDescriptors (5 bytes)
Event: 16.242 Thread 0x000002cc7aec8800 nmethod 3874 0x000002cc6c198310 code [0x000002cc6c1984c0, 0x000002cc6c1985f8]
Event: 16.243 Thread 0x000002cc7aec8800 3875       1       java.beans.GenericBeanInfo::getEventSetDescriptors (5 bytes)
Event: 16.243 Thread 0x000002cc7aec8800 nmethod 3875 0x000002cc6c197f90 code [0x000002cc6c198140, 0x000002cc6c198278]
Event: 16.243 Thread 0x000002cc7aec8800 3876       1       java.beans.GenericBeanInfo::getDefaultEventIndex (5 bytes)
Event: 16.244 Thread 0x000002cc7aec8800 nmethod 3876 0x000002cc6c197c10 code [0x000002cc6c197dc0, 0x000002cc6c197ef8]
Event: 16.244 Thread 0x000002cc7aec8800 3877       1       java.beans.GenericBeanInfo::getDefaultPropertyIndex (5 bytes)
Event: 16.244 Thread 0x000002cc7aec8800 nmethod 3877 0x000002cc6c197890 code [0x000002cc6c197a40, 0x000002cc6c197b78]
Event: 16.245 Thread 0x000002cc7aec8800 3878       3       java.util.Arrays$ArrayList::toArray (15 bytes)
Event: 16.245 Thread 0x000002cc7aec8800 nmethod 3878 0x000002cc64bce210 code [0x000002cc64bce3e0, 0x000002cc64bce5b0]
Event: 16.248 Thread 0x000002cc7aec8800 3879       3       java.nio.Buffer::position (55 bytes)
Event: 16.248 Thread 0x000002cc7aec8800 nmethod 3879 0x000002cc64c90310 code [0x000002cc64c904e0, 0x000002cc64c907d0]
Event: 16.275 Thread 0x000002cc7aec8800 3880       3       org.springframework.core.MethodParameter::getNestedParameterType (122 bytes)
Event: 16.276 Thread 0x000002cc7aec8800 nmethod 3880 0x000002cc64cf0790 code [0x000002cc64cf0a80, 0x000002cc64cf2010]
Event: 16.282 Thread 0x000002cc7aec8800 3881       3       java.util.TreeMap$EntrySet::iterator (19 bytes)
Event: 16.283 Thread 0x000002cc7aec8800 nmethod 3881 0x000002cc64d84e10 code [0x000002cc64d85000, 0x000002cc64d855b8]
Event: 16.284 Thread 0x000002cc7aec8800 3882       3       org.springframework.boot.context.properties.bind.AbstractBindHandler::onStart (13 bytes)
Event: 16.284 Thread 0x000002cc7aec8800 nmethod 3882 0x000002cc64c8c410 code [0x000002cc64c8c5e0, 0x000002cc64c8c830]
Event: 16.303 Thread 0x000002cc7aec8800 3883       3       org.springframework.beans.factory.support.AbstractBeanFactory::copyRelevantMergedBeanDefinitionCaches (105 bytes)
Event: 16.304 Thread 0x000002cc7aec8800 nmethod 3883 0x000002cc64ee3d10 code [0x000002cc64ee3fa0, 0x000002cc64ee5300]

GC Heap History (12 events):
Event: 2.072 GC heap before
{Heap before GC invocations=0 (full 0):
 garbage-first heap   total 131072K, used 13312K [0x0000000081200000, 0x0000000100000000)
  region size 1024K, 14 young (14336K), 0 survivors (0K)
 Metaspace       used 2811K, capacity 5291K, committed 5504K, reserved 1056768K
  class space    used 287K, capacity 531K, committed 640K, reserved 1048576K
}
Event: 2.082 GC heap after
{Heap after GC invocations=1 (full 0):
 garbage-first heap   total 131072K, used 5951K [0x0000000081200000, 0x0000000100000000)
  region size 1024K, 2 young (2048K), 2 survivors (2048K)
 Metaspace       used 2811K, capacity 5291K, committed 5504K, reserved 1056768K
  class space    used 287K, capacity 531K, committed 640K, reserved 1048576K
}
Event: 2.912 GC heap before
{Heap before GC invocations=1 (full 0):
 garbage-first heap   total 131072K, used 16191K [0x0000000081200000, 0x0000000100000000)
  region size 1024K, 12 young (12288K), 2 survivors (2048K)
 Metaspace       used 4622K, capacity 6903K, committed 7040K, reserved 1056768K
  class space    used 567K, capacity 888K, committed 896K, reserved 1048576K
}
Event: 2.917 GC heap after
{Heap after GC invocations=2 (full 0):
 garbage-first heap   total 131072K, used 6216K [0x0000000081200000, 0x0000000100000000)
  region size 1024K, 1 young (1024K), 1 survivors (1024K)
 Metaspace       used 4622K, capacity 6903K, committed 7040K, reserved 1056768K
  class space    used 567K, capacity 888K, committed 896K, reserved 1048576K
}
Event: 5.256 GC heap before
{Heap before GC invocations=2 (full 0):
 garbage-first heap   total 131072K, used 36936K [0x0000000081200000, 0x0000000100000000)
  region size 1024K, 31 young (31744K), 1 survivors (1024K)
 Metaspace       used 9662K, capacity 10931K, committed 11008K, reserved 1058816K
  class space    used 1200K, capacity 1469K, committed 1536K, reserved 1048576K
}
Event: 5.263 GC heap after
{Heap after GC invocations=3 (full 0):
 garbage-first heap   total 131072K, used 7833K [0x0000000081200000, 0x0000000100000000)
  region size 1024K, 3 young (3072K), 3 survivors (3072K)
 Metaspace       used 9662K, capacity 10931K, committed 11008K, reserved 1058816K
  class space    used 1200K, capacity 1469K, committed 1536K, reserved 1048576K
}
Event: 8.480 GC heap before
{Heap before GC invocations=3 (full 0):
 garbage-first heap   total 131072K, used 53913K [0x0000000081200000, 0x0000000100000000)
  region size 1024K, 48 young (49152K), 3 survivors (3072K)
 Metaspace       used 18364K, capacity 19177K, committed 19328K, reserved 1067008K
  class space    used 2343K, capacity 2679K, committed 2688K, reserved 1048576K
}
Event: 8.694 GC heap after
{Heap after GC invocations=4 (full 0):
 garbage-first heap   total 131072K, used 9750K [0x0000000081200000, 0x0000000100000000)
  region size 1024K, 4 young (4096K), 4 survivors (4096K)
 Metaspace       used 18364K, capacity 19177K, committed 19328K, reserved 1067008K
  class space    used 2343K, capacity 2679K, committed 2688K, reserved 1048576K
}
Event: 10.602 GC heap before
{Heap before GC invocations=4 (full 0):
 garbage-first heap   total 131072K, used 38422K [0x0000000081200000, 0x0000000100000000)
  region size 1024K, 33 young (33792K), 4 survivors (4096K)
 Metaspace       used 20344K, capacity 21215K, committed 21296K, reserved 1067008K
  class space    used 2567K, capacity 2923K, committed 2944K, reserved 1048576K
}
Event: 10.618 GC heap after
{Heap after GC invocations=5 (full 0):
 garbage-first heap   total 131072K, used 10661K [0x0000000081200000, 0x0000000100000000)
  region size 1024K, 5 young (5120K), 5 survivors (5120K)
 Metaspace       used 20344K, capacity 21215K, committed 21296K, reserved 1067008K
  class space    used 2567K, capacity 2923K, committed 2944K, reserved 1048576K
}
Event: 15.248 GC heap before
{Heap before GC invocations=6 (full 0):
 garbage-first heap   total 131072K, used 72101K [0x0000000081200000, 0x0000000100000000)
  region size 1024K, 65 young (66560K), 5 survivors (5120K)
 Metaspace       used 25777K, capacity 26822K, committed 27056K, reserved 1073152K
  class space    used 3265K, capacity 3713K, committed 3840K, reserved 1048576K
}
Event: 15.269 GC heap after
{Heap after GC invocations=7 (full 0):
 garbage-first heap   total 131072K, used 14265K [0x0000000081200000, 0x0000000100000000)
  region size 1024K, 8 young (8192K), 8 survivors (8192K)
 Metaspace       used 25777K, capacity 26822K, committed 27056K, reserved 1073152K
  class space    used 3265K, capacity 3713K, committed 3840K, reserved 1048576K
}

Deoptimization events (20 events):
Event: 16.150 Thread 0x000002cc6054c800 Uncommon trap: trap_request=0xffffff6e fr.pc=0x000002cc6c2c70a0 relative=0x0000000000000e40
Event: 16.151 Thread 0x000002cc6054c800 Uncommon trap: reason=speculate_class_check action=maybe_recompile pc=0x000002cc6c2c70a0 method=java.lang.reflect.Executable.declaredAnnotations()Ljava/util/Map; @ 23 c2
Event: 16.151 Thread 0x000002cc6054c800 DEOPT PACKING pc=0x000002cc6c2c70a0 sp=0x000000dca7df8810
Event: 16.151 Thread 0x000002cc6054c800 DEOPT UNPACKING pc=0x000002cc6462922f sp=0x000000dca7df87a0 mode 2
Event: 16.205 Thread 0x000002cc6054c800 Uncommon trap: trap_request=0xffffff6e fr.pc=0x000002cc6c2c70a0 relative=0x0000000000000e40
Event: 16.206 Thread 0x000002cc6054c800 Uncommon trap: reason=speculate_class_check action=maybe_recompile pc=0x000002cc6c2c70a0 method=java.lang.reflect.Executable.declaredAnnotations()Ljava/util/Map; @ 23 c2
Event: 16.206 Thread 0x000002cc6054c800 DEOPT PACKING pc=0x000002cc6c2c70a0 sp=0x000000dca7dfbce0
Event: 16.206 Thread 0x000002cc6054c800 DEOPT UNPACKING pc=0x000002cc6462922f sp=0x000000dca7dfbc70 mode 2
Event: 16.214 Thread 0x000002cc6054c800 Uncommon trap: trap_request=0xffffff6e fr.pc=0x000002cc6c2c70a0 relative=0x0000000000000e40
Event: 16.214 Thread 0x000002cc6054c800 Uncommon trap: reason=speculate_class_check action=maybe_recompile pc=0x000002cc6c2c70a0 method=java.lang.reflect.Executable.declaredAnnotations()Ljava/util/Map; @ 23 c2
Event: 16.214 Thread 0x000002cc6054c800 DEOPT PACKING pc=0x000002cc6c2c70a0 sp=0x000000dca7dfbce0
Event: 16.214 Thread 0x000002cc6054c800 DEOPT UNPACKING pc=0x000002cc6462922f sp=0x000000dca7dfbc70 mode 2
Event: 16.215 Thread 0x000002cc6054c800 DEOPT PACKING pc=0x000002cc654316b0 sp=0x000000dca7dfac10
Event: 16.215 Thread 0x000002cc6054c800 DEOPT UNPACKING pc=0x000002cc6462904e sp=0x000000dca7dfa128 mode 0
Event: 16.216 Thread 0x000002cc6054c800 Uncommon trap: trap_request=0xffffff6e fr.pc=0x000002cc6c2c70a0 relative=0x0000000000000e40
Event: 16.217 Thread 0x000002cc6054c800 Uncommon trap: reason=speculate_class_check action=maybe_recompile pc=0x000002cc6c2c70a0 method=java.lang.reflect.Executable.declaredAnnotations()Ljava/util/Map; @ 23 c2
Event: 16.217 Thread 0x000002cc6054c800 DEOPT PACKING pc=0x000002cc6c2c70a0 sp=0x000000dca7dfbce0
Event: 16.217 Thread 0x000002cc6054c800 DEOPT UNPACKING pc=0x000002cc6462922f sp=0x000000dca7dfbc70 mode 2
Event: 16.300 Thread 0x000002cc6054c800 DEOPT PACKING pc=0x000002cc6543093f sp=0x000000dca7dfad70
Event: 16.300 Thread 0x000002cc6054c800 DEOPT UNPACKING pc=0x000002cc6462904e sp=0x000000dca7dfa1f8 mode 0

Classes redefined (0 events):
No events

Internal exceptions (20 events):
Event: 16.242 Thread 0x000002cc6054c800 Exception <a 'java/lang/ClassNotFoundException'{0x000000008793ba28}: org/springframework/boot/autoconfigure/web/servlet/error/ErrorMvcAutoConfiguration$StaticViewCustomizer> (0x000000008793ba28) thrown at [c:/BuildAgent/work/5ff2f6c26000d570/src/hotspot/s
Event: 16.244 Thread 0x000002cc6054c800 Exception <a 'java/lang/ClassNotFoundException'{0x000000008794f1e8}: org/springframework/web/servlet/ViewCustomizer> (0x000000008794f1e8) thrown at [c:/BuildAgent/work/5ff2f6c26000d570/src/hotspot/share/classfile/systemDictionary.cpp, line 231]
Event: 16.249 Thread 0x000002cc6054c800 Exception <a 'java/lang/ClassNotFoundException'{0x000000008795a568}: java/lang/ObjectCustomizer> (0x000000008795a568) thrown at [c:/BuildAgent/work/5ff2f6c26000d570/src/hotspot/share/classfile/systemDictionary.cpp, line 231]
Event: 16.252 Thread 0x000002cc6054c800 Exception <a 'java/lang/ClassNotFoundException'{0x000000008796f810}: org/springframework/context/support/ApplicationObjectSupportCustomizer> (0x000000008796f810) thrown at [c:/BuildAgent/work/5ff2f6c26000d570/src/hotspot/share/classfile/systemDictionary.c
Event: 16.253 Thread 0x000002cc6054c800 Exception <a 'java/lang/ClassNotFoundException'{0x00000000879852d8}: org/springframework/web/context/support/WebApplicationObjectSupportCustomizer> (0x00000000879852d8) thrown at [c:/BuildAgent/work/5ff2f6c26000d570/src/hotspot/share/classfile/systemDicti
Event: 16.254 Thread 0x000002cc6054c800 Exception <a 'java/lang/ClassNotFoundException'{0x0000000087998a18}: org/springframework/web/servlet/view/BeanNameViewResolverCustomizer> (0x0000000087998a18) thrown at [c:/BuildAgent/work/5ff2f6c26000d570/src/hotspot/share/classfile/systemDictionary.cpp,
Event: 16.255 Thread 0x000002cc6054c800 Exception <a 'java/lang/ClassNotFoundException'{0x00000000879ad728}: org/springframework/web/servlet/ViewResolverCustomizer> (0x00000000879ad728) thrown at [c:/BuildAgent/work/5ff2f6c26000d570/src/hotspot/share/classfile/systemDictionary.cpp, line 231]
Event: 16.257 Thread 0x000002cc6054c800 Exception <a 'java/lang/ClassNotFoundException'{0x00000000879bc5a0}: org/springframework/core/OrderedCustomizer> (0x00000000879bc5a0) thrown at [c:/BuildAgent/work/5ff2f6c26000d570/src/hotspot/share/classfile/systemDictionary.cpp, line 231]
Event: 16.258 Thread 0x000002cc6054c800 Exception <a 'java/lang/ClassNotFoundException'{0x00000000879cde80}: org/springframework/web/context/ServletContextAwareCustomizer> (0x00000000879cde80) thrown at [c:/BuildAgent/work/5ff2f6c26000d570/src/hotspot/share/classfile/systemDictionary.cpp, line 
Event: 16.259 Thread 0x000002cc6054c800 Exception <a 'java/lang/ClassNotFoundException'{0x00000000879ddd58}: org/springframework/beans/factory/AwareCustomizer> (0x00000000879ddd58) thrown at [c:/BuildAgent/work/5ff2f6c26000d570/src/hotspot/share/classfile/systemDictionary.cpp, line 231]
Event: 16.260 Thread 0x000002cc6054c800 Exception <a 'java/lang/ClassNotFoundException'{0x00000000879eeab8}: org/springframework/context/ApplicationContextAwareCustomizer> (0x00000000879eeab8) thrown at [c:/BuildAgent/work/5ff2f6c26000d570/src/hotspot/share/classfile/systemDictionary.cpp, line 
Event: 16.273 Thread 0x000002cc6054c800 Exception <a 'java/lang/ClassNotFoundException'{0x00000000879feeb0}: org/springframework/beans/factory/AwareCustomizer> (0x00000000879feeb0) thrown at [c:/BuildAgent/work/5ff2f6c26000d570/src/hotspot/share/classfile/systemDictionary.cpp, line 231]
Event: 16.282 Thread 0x000002cc6054c800 Exception <a 'java/lang/ClassNotFoundException'{0x0000000087825120}: java/lang/ObjectCustomizer> (0x0000000087825120) thrown at [c:/BuildAgent/work/5ff2f6c26000d570/src/hotspot/share/classfile/systemDictionary.cpp, line 231]
Event: 16.283 Thread 0x000002cc6054c800 Exception <a 'java/lang/ClassNotFoundException'{0x000000008783a588}: org/springframework/boot/autoconfigure/web/ResourcePropertiesCustomizer> (0x000000008783a588) thrown at [c:/BuildAgent/work/5ff2f6c26000d570/src/hotspot/share/classfile/systemDictionary.
Event: 16.292 Thread 0x000002cc6054c800 Exception <a 'java/lang/ClassNotFoundException'{0x00000000878644c0}: java/lang/ObjectCustomizer> (0x00000000878644c0) thrown at [c:/BuildAgent/work/5ff2f6c26000d570/src/hotspot/share/classfile/systemDictionary.cpp, line 231]
Event: 16.293 Thread 0x000002cc6054c800 Exception <a 'java/lang/ClassNotFoundException'{0x0000000087881710}: org/springframework/boot/autoconfigure/web/servlet/error/ErrorMvcAutoConfiguration$DefaultErrorViewResolverConfigurationCustomizer> (0x0000000087881710) thrown at [c:/BuildAgent/work/5ff
Event: 16.297 Thread 0x000002cc6054c800 Exception <a 'java/lang/ClassNotFoundException'{0x000000008788e3f8}: java/lang/ObjectCustomizer> (0x000000008788e3f8) thrown at [c:/BuildAgent/work/5ff2f6c26000d570/src/hotspot/share/classfile/systemDictionary.cpp, line 231]
Event: 16.298 Thread 0x000002cc6054c800 Exception <a 'java/lang/ClassNotFoundException'{0x00000000878a65c0}: org/springframework/boot/autoconfigure/web/servlet/error/DefaultErrorViewResolverCustomizer> (0x00000000878a65c0) thrown at [c:/BuildAgent/work/5ff2f6c26000d570/src/hotspot/share/classfi
Event: 16.299 Thread 0x000002cc6054c800 Exception <a 'java/lang/ClassNotFoundException'{0x00000000878bf220}: org/springframework/boot/autoconfigure/web/servlet/error/ErrorViewResolverCustomizer> (0x00000000878bf220) thrown at [c:/BuildAgent/work/5ff2f6c26000d570/src/hotspot/share/classfile/syst
Event: 16.300 Thread 0x000002cc6054c800 Exception <a 'java/lang/ClassNotFoundException'{0x00000000878cf758}: org/springframework/core/OrderedCustomizer> (0x00000000878cf758) thrown at [c:/BuildAgent/work/5ff2f6c26000d570/src/hotspot/share/classfile/systemDictionary.cpp, line 231]

Events (20 events):
Event: 16.297 loading class java/lang/ObjectCustomizer
Event: 16.297 loading class java/lang/ObjectCustomizer done
Event: 16.297 loading class org/springframework/boot/autoconfigure/web/servlet/error/DefaultErrorViewResolverCustomizer
Event: 16.297 loading class org/springframework/boot/autoconfigure/web/servlet/error/DefaultErrorViewResolverCustomizer done
Event: 16.297 loading class org/springframework/boot/autoconfigure/web/servlet/error/DefaultErrorViewResolverCustomizer
Event: 16.297 loading class org/springframework/boot/autoconfigure/web/servlet/error/DefaultErrorViewResolverCustomizer done
Event: 16.298 loading class org/springframework/boot/autoconfigure/web/servlet/error/DefaultErrorViewResolverCustomizer
Event: 16.298 loading class org/springframework/boot/autoconfigure/web/servlet/error/DefaultErrorViewResolverCustomizer done
Event: 16.299 loading class org/springframework/boot/autoconfigure/web/servlet/error/ErrorViewResolverCustomizer
Event: 16.299 loading class org/springframework/boot/autoconfigure/web/servlet/error/ErrorViewResolverCustomizer done
Event: 16.299 loading class org/springframework/boot/autoconfigure/web/servlet/error/ErrorViewResolverCustomizer
Event: 16.299 loading class org/springframework/boot/autoconfigure/web/servlet/error/ErrorViewResolverCustomizer done
Event: 16.299 loading class org/springframework/boot/autoconfigure/web/servlet/error/ErrorViewResolverCustomizer
Event: 16.299 loading class org/springframework/boot/autoconfigure/web/servlet/error/ErrorViewResolverCustomizer done
Event: 16.299 loading class org/springframework/core/OrderedCustomizer
Event: 16.299 loading class org/springframework/core/OrderedCustomizer done
Event: 16.300 loading class org/springframework/core/OrderedCustomizer
Event: 16.300 loading class org/springframework/core/OrderedCustomizer done
Event: 16.300 loading class org/springframework/core/OrderedCustomizer
Event: 16.300 loading class org/springframework/core/OrderedCustomizer done


Dynamic libraries:
0x00007ff7249c0000 - 0x00007ff7249ca000 	D:\IDEA\IntelliJ IDEA 2019.3.3\jbr\bin\java.exe
0x00007ffa92780000 - 0x00007ffa92970000 	C:\WINDOWS\SYSTEM32\ntdll.dll
0x00007ffa908c0000 - 0x00007ffa90972000 	C:\WINDOWS\System32\KERNEL32.DLL
0x00007ffa8f930000 - 0x00007ffa8fbd4000 	C:\WINDOWS\System32\KERNELBASE.dll
0x00007ffa8f810000 - 0x00007ffa8f90a000 	C:\WINDOWS\System32\ucrtbase.dll
0x00007ffa7a740000 - 0x00007ffa7a759000 	D:\IDEA\IntelliJ IDEA 2019.3.3\jbr\bin\jli.dll
0x00007ffa90a30000 - 0x00007ffa90bc5000 	C:\WINDOWS\System32\USER32.dll
0x00007ffa90660000 - 0x00007ffa90681000 	C:\WINDOWS\System32\win32u.dll
0x00007ffa90fd0000 - 0x00007ffa90ff6000 	C:\WINDOWS\System32\GDI32.dll
0x00007ffa903a0000 - 0x00007ffa90536000 	C:\WINDOWS\System32\gdi32full.dll
0x00007ffa90540000 - 0x00007ffa905de000 	C:\WINDOWS\System32\msvcp_win.dll
0x00007ffa7d9b0000 - 0x00007ffa7d9c7000 	D:\IDEA\IntelliJ IDEA 2019.3.3\jbr\bin\VCRUNTIME140.dll
0x00007ffa7e580000 - 0x00007ffa7e804000 	C:\WINDOWS\WinSxS\amd64_microsoft.windows.common-controls_6595b64144ccf1df_6.0.18362.1016_none_9e7a36bbe461dae4\COMCTL32.dll
0x00007ffa911a0000 - 0x00007ffa9123e000 	C:\WINDOWS\System32\msvcrt.dll
0x00007ffa914d0000 - 0x00007ffa91805000 	C:\WINDOWS\System32\combase.dll
0x00007ffa90e30000 - 0x00007ffa90f50000 	C:\WINDOWS\System32\RPCRT4.dll
0x00007ffa905e0000 - 0x00007ffa90660000 	C:\WINDOWS\System32\bcryptPrimitives.dll
0x00007ffa90990000 - 0x00007ffa909be000 	C:\WINDOWS\System32\IMM32.DLL
0x00007ffa67800000 - 0x00007ffa6789d000 	D:\IDEA\IntelliJ IDEA 2019.3.3\jbr\bin\msvcp140.dll
0x00007ffa452c0000 - 0x00007ffa45d7b000 	D:\IDEA\IntelliJ IDEA 2019.3.3\jbr\bin\server\jvm.dll
0x00007ffa91f00000 - 0x00007ffa91fa3000 	C:\WINDOWS\System32\ADVAPI32.dll
0x00007ffa90d90000 - 0x00007ffa90e27000 	C:\WINDOWS\System32\sechost.dll
0x00007ffa90bd0000 - 0x00007ffa90bd8000 	C:\WINDOWS\System32\PSAPI.DLL
0x00007ffa75910000 - 0x00007ffa75919000 	C:\WINDOWS\SYSTEM32\WSOCK32.dll
0x00007ffa921e0000 - 0x00007ffa9224f000 	C:\WINDOWS\System32\WS2_32.dll
0x00007ffa8d070000 - 0x00007ffa8d094000 	C:\WINDOWS\SYSTEM32\WINMM.dll
0x00007ffa8d040000 - 0x00007ffa8d06d000 	C:\WINDOWS\SYSTEM32\WINMMBASE.dll
0x00007ffa907e0000 - 0x00007ffa9082a000 	C:\WINDOWS\System32\cfgmgr32.dll
0x00007ffa831a0000 - 0x00007ffa831aa000 	C:\WINDOWS\SYSTEM32\VERSION.dll
0x00007ffa8f640000 - 0x00007ffa8f651000 	C:\WINDOWS\System32\kernel.appcore.dll
0x00007ffa7a8a0000 - 0x00007ffa7a8b1000 	D:\IDEA\IntelliJ IDEA 2019.3.3\jbr\bin\verify.dll
0x00007ffa8dfb0000 - 0x00007ffa8e1a4000 	C:\WINDOWS\SYSTEM32\DBGHELP.DLL
0x00007ffa72c70000 - 0x00007ffa72c9a000 	C:\WINDOWS\SYSTEM32\dbgcore.DLL
0x00007ffa78a10000 - 0x00007ffa78a39000 	D:\IDEA\IntelliJ IDEA 2019.3.3\jbr\bin\java.dll
0x00007ffa88a10000 - 0x00007ffa88a1f000 	D:\IDEA\IntelliJ IDEA 2019.3.3\jbr\bin\instrument.dll
0x00007ffa7a780000 - 0x00007ffa7a797000 	D:\IDEA\IntelliJ IDEA 2019.3.3\jbr\bin\zip.dll
0x00007ffa7faf0000 - 0x00007ffa7fafb000 	D:\IDEA\IntelliJ IDEA 2019.3.3\jbr\bin\jimage.dll
0x00007ffa91810000 - 0x00007ffa91ef7000 	C:\WINDOWS\System32\SHELL32.dll
0x00007ffa912f0000 - 0x00007ffa91399000 	C:\WINDOWS\System32\shcore.dll
0x00007ffa8fc10000 - 0x00007ffa90392000 	C:\WINDOWS\System32\windows.storage.dll
0x00007ffa8f6d0000 - 0x00007ffa8f6f3000 	C:\WINDOWS\System32\profapi.dll
0x00007ffa8f660000 - 0x00007ffa8f6aa000 	C:\WINDOWS\System32\powrprof.dll
0x00007ffa8f630000 - 0x00007ffa8f640000 	C:\WINDOWS\System32\UMPDC.dll
0x00007ffa90860000 - 0x00007ffa908b2000 	C:\WINDOWS\System32\shlwapi.dll
0x00007ffa8f910000 - 0x00007ffa8f927000 	C:\WINDOWS\System32\cryptsp.dll
0x00007ffa7a8c0000 - 0x00007ffa7a8da000 	D:\IDEA\IntelliJ IDEA 2019.3.3\jbr\bin\net.dll
0x00007ffa89c80000 - 0x00007ffa89d70000 	C:\WINDOWS\SYSTEM32\WINHTTP.dll
0x00007ffa8ee30000 - 0x00007ffa8ee97000 	C:\WINDOWS\system32\mswsock.dll
0x00007ffa7a760000 - 0x00007ffa7a774000 	D:\IDEA\IntelliJ IDEA 2019.3.3\jbr\bin\nio.dll
0x00007ffa88a60000 - 0x00007ffa88a7a000 	D:\IDEA\IntelliJ IDEA 2019.3.3\bin\breakgen64.dll
0x00007ffa7d9a0000 - 0x00007ffa7d9aa000 	D:\IDEA\IntelliJ IDEA 2019.3.3\jbr\bin\management.dll
0x00007ffa7a890000 - 0x00007ffa7a89c000 	D:\IDEA\IntelliJ IDEA 2019.3.3\jbr\bin\management_ext.dll
0x00007ffa6c0a0000 - 0x00007ffa6c0b6000 	C:\WINDOWS\system32\napinsp.dll
0x00007ffa6c080000 - 0x00007ffa6c09a000 	C:\WINDOWS\system32\pnrpnsp.dll
0x00007ffa8ebd0000 - 0x00007ffa8ec9b000 	C:\WINDOWS\SYSTEM32\DNSAPI.dll
0x00007ffa90830000 - 0x00007ffa90838000 	C:\WINDOWS\System32\NSI.dll
0x00007ffa8eb40000 - 0x00007ffa8eb7a000 	C:\WINDOWS\SYSTEM32\IPHLPAPI.DLL
0x00007ffa6c210000 - 0x00007ffa6c21e000 	C:\WINDOWS\System32\winrnr.dll
0x00007ffa8b7b0000 - 0x00007ffa8b7cc000 	C:\WINDOWS\system32\NLAapi.dll
0x00007ffa6a130000 - 0x00007ffa6a145000 	C:\WINDOWS\system32\wshbth.dll
0x000000006ee50000 - 0x000000006ee76000 	C:\Program Files\Bonjour\mdnsNSP.dll
0x00007ffa68200000 - 0x00007ffa6837a000 	C:\Program Files (x86)\Sangfor\SSL\ClientComponent\7_SangforTcpX64.dll
0x00007ffa92080000 - 0x00007ffa921d7000 	C:\WINDOWS\System32\ole32.dll
0x00007ffa91fb0000 - 0x00007ffa92075000 	C:\WINDOWS\System32\OLEAUT32.dll
0x00007ffa8f700000 - 0x00007ffa8f75c000 	C:\WINDOWS\System32\WINTRUST.dll
0x00007ffa8f6b0000 - 0x00007ffa8f6c2000 	C:\WINDOWS\System32\MSASN1.dll
0x00007ffa90690000 - 0x00007ffa907d9000 	C:\WINDOWS\System32\CRYPT32.dll
0x00007ffa81ee0000 - 0x00007ffa81eea000 	C:\Windows\System32\rasadhlp.dll
0x00007ffa82fb0000 - 0x00007ffa83027000 	C:\WINDOWS\System32\fwpuclnt.dll
0x00007ffa8fbe0000 - 0x00007ffa8fc06000 	C:\WINDOWS\System32\bcrypt.dll

dbghelp: loaded successfully - version: 4.0.5 - missing functions: none
symbol engine: initialized successfully - sym options: 0x614 - pdb path: .;D:\IDEA\IntelliJ IDEA 2019.3.3\jbr\bin;C:\WINDOWS\SYSTEM32;C:\WINDOWS\WinSxS\amd64_microsoft.windows.common-controls_6595b64144ccf1df_6.0.18362.1016_none_9e7a36bbe461dae4;D:\IDEA\IntelliJ IDEA 2019.3.3\jbr\bin\server;D:\IDEA\IntelliJ IDEA 2019.3.3\bin;C:\Program Files\Bonjour;C:\Program Files (x86)\Sangfor\SSL\ClientComponent

VM Arguments:
jvm_args: -ea -Didea.test.cyclic.buffer.size=1048576 -javaagent:D:\IDEA\IntelliJ IDEA 2019.3.3\lib\idea_rt.jar=14920:D:\IDEA\IntelliJ IDEA 2019.3.3\bin -Dfile.encoding=UTF-8 
java_command: com.intellij.rt.junit.JUnitStarter -ideVersion5 -junit5 Flag.FlagApplicationTests,paiweitest
java_class_path (initial): D:\IDEA\IntelliJ IDEA 2019.3.3\lib\idea_rt.jar;D:\IDEA\IntelliJ IDEA 2019.3.3\plugins\junit\lib\junit5-rt.jar;D:\IDEA\IntelliJ IDEA 2019.3.3\plugins\junit\lib\junit-rt.jar;D:\×ÀÃæ\Flag\Flag\target\test-classes;D:\×ÀÃæ\Flag\Flag\target\classes;D:\×ÀÃæ\Flag\Flag\.idea\lib\mysql-connector-java-8.0.19.jar;D:\×ÀÃæ\Maven\MavenRepo\org\springframework\boot\spring-boot-starter-web\2.3.3.RELEASE\spring-boot-starter-web-2.3.3.RELEASE.jar;D:\×ÀÃæ\Maven\MavenRepo\org\springframework\boot\spring-boot-starter\2.3.3.RELEASE\spring-boot-starter-2.3.3.RELEASE.jar;D:\×ÀÃæ\Maven\MavenRepo\org\springframework\boot\spring-boot-starter-logging\2.3.3.RELEASE\spring-boot-starter-logging-2.3.3.RELEASE.jar;D:\×ÀÃæ\Maven\MavenRepo\ch\qos\logback\logback-classic\1.2.3\logback-classic-1.2.3.jar;D:\×ÀÃæ\Maven\MavenRepo\ch\qos\logback\logback-core\1.2.3\logback-core-1.2.3.jar;D:\×ÀÃæ\Maven\MavenRepo\org\apache\logging\log4j\log4j-to-slf4j\2.13.3\log4j-to-slf4j-2.13.3.jar;D:\×ÀÃæ\Maven\MavenRepo\org\apache\logging\log4j\log4j-api\2.13.3\log4j-api-2.13.3.jar;D:\×ÀÃæ\Maven\MavenRepo\org\slf4j\jul-to-slf4j\1.7.30\jul-to-slf4j-1.7.30.jar;D:\×ÀÃæ\Maven\MavenRepo\jakarta\annotation\jakarta.annotation-api\1.3.5\jakarta.annotation-api-1.3.5.jar;D:\×ÀÃæ\Maven\MavenRepo\org\yaml\snakeyaml\1.26\snakeyaml-1.26.jar;D:\×ÀÃæ\Maven\MavenRepo\org\springframework\boot\spring-boot-starter-json\2.3.3.RELEASE\spring-boot-starter-json-2.3.3.RELEASE.jar;D:\×ÀÃæ\Maven\MavenRepo\com\fasterxml\jackson\core\jackson-databind\2.11.2\jackson-databind-2.11.2.jar;D:\×ÀÃæ\Maven\MavenRepo\com\fasterxml\jackson\core\jackson-annotations\2.11.2\jackson-annotations-2.11.2.jar;D:\×ÀÃæ\Maven\MavenRepo\com\fasterxml\jackson\core\jackson-core\2.11.2\jackson-core-2.11.2.jar;D:\×ÀÃæ\Maven\MavenRepo\com\fasterxml\jackson\datatype\jackson-datatype-jdk8\2.11.2\jackson-datatype-jdk8-2.11.2.jar;D:\×ÀÃæ\Maven\MavenRepo\com\fasterxml\jackson\datatype\jackson-datatype-jsr310\2.11.2\jackson-datatype-jsr310-2.11.2.jar;D:\
Launcher Type: SUN_STANDARD

[Global flags]
     intx CICompilerCount                          = 3                                         {product} {ergonomic}
     uint ConcGCThreads                            = 1                                         {product} {ergonomic}
     uint G1ConcRefinementThreads                  = 4                                         {product} {ergonomic}
   size_t G1HeapRegionSize                         = 1048576                                   {product} {ergonomic}
    uintx GCDrainStackTargetSize                   = 64                                        {product} {ergonomic}
   size_t InitialHeapSize                          = 134217728                                 {product} {ergonomic}
   size_t MarkStackSize                            = 4194304                                   {product} {ergonomic}
   size_t MaxHeapSize                              = 2128609280                                {product} {ergonomic}
   size_t MaxNewSize                               = 1277165568                                {product} {ergonomic}
   size_t MinHeapDeltaBytes                        = 1048576                                   {product} {ergonomic}
    uintx NonNMethodCodeHeapSize                   = 5830732                                {pd product} {ergonomic}
    uintx NonProfiledCodeHeapSize                  = 122913754                              {pd product} {ergonomic}
    uintx ProfiledCodeHeapSize                     = 122913754                              {pd product} {ergonomic}
    uintx ReservedCodeCacheSize                    = 251658240                              {pd product} {ergonomic}
     bool SegmentedCodeCache                       = true                                      {product} {ergonomic}
     bool UseCompressedClassPointers               = true                                 {lp64_product} {ergonomic}
     bool UseCompressedOops                        = true                                 {lp64_product} {ergonomic}
     bool UseG1GC                                  = true                                      {product} {ergonomic}
     bool UseLargePagesIndividualAllocation        = false                                  {pd product} {ergonomic}

Logging:
Log output configuration:
 #0: stdout all=warning uptime,level,tags
 #1: stderr all=off uptime,level,tags

Environment Variables:
PATH=C:\WINDOWS\system32;C:\WINDOWS;C:\WINDOWS\System32\Wbem;C:\WINDOWS\System32\WindowsPowerShell\v1.0\;C:\WINDOWS\System32\OpenSSH\;C:\Program Files (x86)\Microsoft SQL Server\100\Tools\Binn\;C:\Program Files\Microsoft SQL Server\100\Tools\Binn\;C:\Program Files\Microsoft SQL Server\100\DTS\Binn\;D:\×ÀÃæ\Maven\apache-maven-3.6.3\bin;C:\Program Files (x86)\NVIDIA Corporation\PhysX\Common;C:\Program Files\NVIDIA Corporation\NVIDIA NvDLISR;D:\JDK13\bin;D:\node.js\;D:\node.js\node_global;C:\Program Files\MySQL\MySQL Shell 8.0\bin\;D:\Tools\WinNT;D:\MSDev98\Bin;D:\Tools;D:\Microsoft Visual Studio\VC98\bin;D:\python\Scripts\;D:\python\;C:\Users\Ó÷¼ÎÐË\AppData\Local\Microsoft\WindowsApps;D:\IDEA\IntelliJ IDEA 2019.3.3\bin;D:\JDK13\bin;D:\vscode\Microsoft VS Code\bin;C:\Users\Ó÷¼ÎÐË\AppData\Local\GitHubDesktop\bin;C:\Users\Ó÷¼ÎÐË\AppData\Roaming\npm
USERNAME=Ó÷¼ÎÐË
OS=Windows_NT
PROCESSOR_IDENTIFIER=Intel64 Family 6 Model 78 Stepping 3, GenuineIntel



---------------  S Y S T E M  ---------------

OS: Windows 10 , 64 bit Build 18362 (10.0.18362.959)

CPU:total 4 (initial active 4) (2 cores per cpu, 2 threads per core) family 6 model 78 stepping 3, cmov, cx8, fxsr, mmx, sse, sse2, sse3, ssse3, sse4.1, sse4.2, popcnt, avx, avx2, aes, clmul, erms, rtm, 3dnowpref, lzcnt, ht, tsc, tscinvbit, bmi1, bmi2, adx, fma

Memory: 4k page, system-wide physical 8113M (869M free)
TotalPageFile size 15974M (AvailPageFile size 23M)
current process WorkingSet (physical memory assigned to process): 209M, peak: 228M
current process commit charge ("private bytes"): 281M, peak: 301M

vm_info: OpenJDK 64-Bit Server VM (11.0.5+10-b520.38) for windows-amd64 JRE (11.0.5+10-b520.38), built on Jan 23 2020 07:58:32 by "" with MS VC++ 14.0 (VS2015)

END.
